running egg_info
writing ../../build/rl_turtlebot/rl_turtlebot.egg-info/PKG-INFO
writing dependency_links to ../../build/rl_turtlebot/rl_turtlebot.egg-info/dependency_links.txt
writing entry points to ../../build/rl_turtlebot/rl_turtlebot.egg-info/entry_points.txt
writing requirements to ../../build/rl_turtlebot/rl_turtlebot.egg-info/requires.txt
writing top-level names to ../../build/rl_turtlebot/rl_turtlebot.egg-info/top_level.txt
reading manifest file '../../build/rl_turtlebot/rl_turtlebot.egg-info/SOURCES.txt'
writing manifest file '../../build/rl_turtlebot/rl_turtlebot.egg-info/SOURCES.txt'
running build
running build_py
copying rl_turtlebot/dqn_dueling.py -> /home/ubuntu/ros2_ws/build/rl_turtlebot/build/lib/rl_turtlebot
copying rl_turtlebot/dqn_train_node.py -> /home/ubuntu/ros2_ws/build/rl_turtlebot/build/lib/rl_turtlebot
running install
running install_lib
copying /home/ubuntu/ros2_ws/build/rl_turtlebot/build/lib/rl_turtlebot/dqn_dueling.py -> /home/ubuntu/ros2_ws/install/rl_turtlebot/lib/python3.10/site-packages/rl_turtlebot
copying /home/ubuntu/ros2_ws/build/rl_turtlebot/build/lib/rl_turtlebot/dqn_train_node.py -> /home/ubuntu/ros2_ws/install/rl_turtlebot/lib/python3.10/site-packages/rl_turtlebot
byte-compiling /home/ubuntu/ros2_ws/install/rl_turtlebot/lib/python3.10/site-packages/rl_turtlebot/dqn_dueling.py to dqn_dueling.cpython-310.pyc
byte-compiling /home/ubuntu/ros2_ws/install/rl_turtlebot/lib/python3.10/site-packages/rl_turtlebot/dqn_train_node.py to dqn_train_node.cpython-310.pyc
running install_data
running install_egg_info
removing '/home/ubuntu/ros2_ws/install/rl_turtlebot/lib/python3.10/site-packages/rl_turtlebot-0.0.0-py3.10.egg-info' (and everything under it)
Copying ../../build/rl_turtlebot/rl_turtlebot.egg-info to /home/ubuntu/ros2_ws/install/rl_turtlebot/lib/python3.10/site-packages/rl_turtlebot-0.0.0-py3.10.egg-info
running install_scripts
Installing dqn_dueling script to /home/ubuntu/ros2_ws/install/rl_turtlebot/lib/rl_turtlebot
Installing dqn_learning_node script to /home/ubuntu/ros2_ws/install/rl_turtlebot/lib/rl_turtlebot
Installing dqn_train script to /home/ubuntu/ros2_ws/install/rl_turtlebot/lib/rl_turtlebot
Installing learning_node script to /home/ubuntu/ros2_ws/install/rl_turtlebot/lib/rl_turtlebot
writing list of installed files to '/home/ubuntu/ros2_ws/build/rl_turtlebot/install.log'
