[0.442s] Invoking command in '/home/ubuntu/ros2_ws/src/rl_turtlebot': PYTHONPATH=/home/ubuntu/ros2_ws/build/rl_turtlebot/prefix_override:/usr/lib/python3/dist-packages/colcon_core/task/python/colcon_distutils_commands:/home/ubuntu/ros2_ws/install/rl_turtlebot/lib/python3.10/site-packages:${PYTHONPATH} /usr/bin/python3 -W ignore:setup.py install is deprecated -W ignore:easy_install command is deprecated setup.py egg_info --egg-base ../../build/rl_turtlebot build --build-base /home/ubuntu/ros2_ws/build/rl_turtlebot/build install --record /home/ubuntu/ros2_ws/build/rl_turtlebot/install.log --single-version-externally-managed install_data
[0.606s] running egg_info
[0.606s] creating ../../build/rl_turtlebot/rl_turtlebot.egg-info
[0.606s] writing ../../build/rl_turtlebot/rl_turtlebot.egg-info/PKG-INFO
[0.606s] writing dependency_links to ../../build/rl_turtlebot/rl_turtlebot.egg-info/dependency_links.txt
[0.607s] writing entry points to ../../build/rl_turtlebot/rl_turtlebot.egg-info/entry_points.txt
[0.607s] writing requirements to ../../build/rl_turtlebot/rl_turtlebot.egg-info/requires.txt
[0.607s] writing top-level names to ../../build/rl_turtlebot/rl_turtlebot.egg-info/top_level.txt
[0.607s] writing manifest file '../../build/rl_turtlebot/rl_turtlebot.egg-info/SOURCES.txt'
[0.608s] reading manifest file '../../build/rl_turtlebot/rl_turtlebot.egg-info/SOURCES.txt'
[0.609s] writing manifest file '../../build/rl_turtlebot/rl_turtlebot.egg-info/SOURCES.txt'
[0.609s] running build
[0.609s] running build_py
[0.609s] creating /home/ubuntu/ros2_ws/build/rl_turtlebot/build
[0.609s] creating /home/ubuntu/ros2_ws/build/rl_turtlebot/build/lib
[0.609s] creating /home/ubuntu/ros2_ws/build/rl_turtlebot/build/lib/rl_turtlebot
[0.609s] copying rl_turtlebot/learning_node.py -> /home/ubuntu/ros2_ws/build/rl_turtlebot/build/lib/rl_turtlebot
[0.609s] copying rl_turtlebot/dqn_learning_node.py -> /home/ubuntu/ros2_ws/build/rl_turtlebot/build/lib/rl_turtlebot
[0.617s] copying rl_turtlebot/__init__.py -> /home/ubuntu/ros2_ws/build/rl_turtlebot/build/lib/rl_turtlebot
[0.617s] copying rl_turtlebot/Qlearning.py -> /home/ubuntu/ros2_ws/build/rl_turtlebot/build/lib/rl_turtlebot
[0.617s] copying rl_turtlebot/Lidar.py -> /home/ubuntu/ros2_ws/build/rl_turtlebot/build/lib/rl_turtlebot
[0.617s] copying rl_turtlebot/Control.py -> /home/ubuntu/ros2_ws/build/rl_turtlebot/build/lib/rl_turtlebot
[0.617s] copying rl_turtlebot/DQN.py -> /home/ubuntu/ros2_ws/build/rl_turtlebot/build/lib/rl_turtlebot
[0.617s] running install
[0.618s] running install_lib
[0.618s] creating /home/ubuntu/ros2_ws/install/rl_turtlebot/lib/python3.10/site-packages/rl_turtlebot
[0.618s] copying /home/ubuntu/ros2_ws/build/rl_turtlebot/build/lib/rl_turtlebot/learning_node.py -> /home/ubuntu/ros2_ws/install/rl_turtlebot/lib/python3.10/site-packages/rl_turtlebot
[0.618s] copying /home/ubuntu/ros2_ws/build/rl_turtlebot/build/lib/rl_turtlebot/dqn_learning_node.py -> /home/ubuntu/ros2_ws/install/rl_turtlebot/lib/python3.10/site-packages/rl_turtlebot
[0.618s] copying /home/ubuntu/ros2_ws/build/rl_turtlebot/build/lib/rl_turtlebot/__init__.py -> /home/ubuntu/ros2_ws/install/rl_turtlebot/lib/python3.10/site-packages/rl_turtlebot
[0.618s] copying /home/ubuntu/ros2_ws/build/rl_turtlebot/build/lib/rl_turtlebot/Qlearning.py -> /home/ubuntu/ros2_ws/install/rl_turtlebot/lib/python3.10/site-packages/rl_turtlebot
[0.619s] copying /home/ubuntu/ros2_ws/build/rl_turtlebot/build/lib/rl_turtlebot/Lidar.py -> /home/ubuntu/ros2_ws/install/rl_turtlebot/lib/python3.10/site-packages/rl_turtlebot
[0.619s] copying /home/ubuntu/ros2_ws/build/rl_turtlebot/build/lib/rl_turtlebot/Control.py -> /home/ubuntu/ros2_ws/install/rl_turtlebot/lib/python3.10/site-packages/rl_turtlebot
[0.619s] copying /home/ubuntu/ros2_ws/build/rl_turtlebot/build/lib/rl_turtlebot/DQN.py -> /home/ubuntu/ros2_ws/install/rl_turtlebot/lib/python3.10/site-packages/rl_turtlebot
[0.619s] byte-compiling /home/ubuntu/ros2_ws/install/rl_turtlebot/lib/python3.10/site-packages/rl_turtlebot/learning_node.py to learning_node.cpython-310.pyc
[0.620s] byte-compiling /home/ubuntu/ros2_ws/install/rl_turtlebot/lib/python3.10/site-packages/rl_turtlebot/dqn_learning_node.py to dqn_learning_node.cpython-310.pyc
[0.620s] byte-compiling /home/ubuntu/ros2_ws/install/rl_turtlebot/lib/python3.10/site-packages/rl_turtlebot/__init__.py to __init__.cpython-310.pyc
[0.620s] byte-compiling /home/ubuntu/ros2_ws/install/rl_turtlebot/lib/python3.10/site-packages/rl_turtlebot/Qlearning.py to Qlearning.cpython-310.pyc
[0.621s] byte-compiling /home/ubuntu/ros2_ws/install/rl_turtlebot/lib/python3.10/site-packages/rl_turtlebot/Lidar.py to Lidar.cpython-310.pyc
[0.622s] byte-compiling /home/ubuntu/ros2_ws/install/rl_turtlebot/lib/python3.10/site-packages/rl_turtlebot/Control.py to Control.cpython-310.pyc
[0.622s] byte-compiling /home/ubuntu/ros2_ws/install/rl_turtlebot/lib/python3.10/site-packages/rl_turtlebot/DQN.py to DQN.cpython-310.pyc
[0.623s] running install_data
[0.623s] creating /home/ubuntu/ros2_ws/install/rl_turtlebot/share/ament_index
[0.623s] creating /home/ubuntu/ros2_ws/install/rl_turtlebot/share/ament_index/resource_index
[0.623s] creating /home/ubuntu/ros2_ws/install/rl_turtlebot/share/ament_index/resource_index/packages
[0.623s] copying resource/rl_turtlebot -> /home/ubuntu/ros2_ws/install/rl_turtlebot/share/ament_index/resource_index/packages
[0.623s] copying package.xml -> /home/ubuntu/ros2_ws/install/rl_turtlebot/share/rl_turtlebot
[0.623s] running install_egg_info
[0.624s] Copying ../../build/rl_turtlebot/rl_turtlebot.egg-info to /home/ubuntu/ros2_ws/install/rl_turtlebot/lib/python3.10/site-packages/rl_turtlebot-0.0.0-py3.10.egg-info
[0.625s] running install_scripts
[0.639s] Installing dqn_learning_node script to /home/ubuntu/ros2_ws/install/rl_turtlebot/lib/rl_turtlebot
[0.639s] Installing learning_node script to /home/ubuntu/ros2_ws/install/rl_turtlebot/lib/rl_turtlebot
[0.639s] writing list of installed files to '/home/ubuntu/ros2_ws/build/rl_turtlebot/install.log'
[0.661s] Invoked command in '/home/ubuntu/ros2_ws/src/rl_turtlebot' returned '0': PYTHONPATH=/home/ubuntu/ros2_ws/build/rl_turtlebot/prefix_override:/usr/lib/python3/dist-packages/colcon_core/task/python/colcon_distutils_commands:/home/ubuntu/ros2_ws/install/rl_turtlebot/lib/python3.10/site-packages:${PYTHONPATH} /usr/bin/python3 -W ignore:setup.py install is deprecated -W ignore:easy_install command is deprecated setup.py egg_info --egg-base ../../build/rl_turtlebot build --build-base /home/ubuntu/ros2_ws/build/rl_turtlebot/build install --record /home/ubuntu/ros2_ws/build/rl_turtlebot/install.log --single-version-externally-managed install_data
