[1.163s] Invoking command in '/home/ubuntu/ros2_ws/src/rl_turtlebot': PYTHONPATH=/home/ubuntu/ros2_ws/build/rl_turtlebot/prefix_override:/usr/lib/python3/dist-packages/colcon_core/task/python/colcon_distutils_commands:/home/ubuntu/ros2_ws/install/rl_turtlebot/lib/python3.10/site-packages:${PYTHONPATH} /usr/bin/python3 -W ignore:setup.py install is deprecated -W ignore:easy_install command is deprecated setup.py egg_info --egg-base ../../build/rl_turtlebot build --build-base /home/ubuntu/ros2_ws/build/rl_turtlebot/build install --record /home/ubuntu/ros2_ws/build/rl_turtlebot/install.log --single-version-externally-managed install_data
[1.606s] running egg_info
[1.608s] writing ../../build/rl_turtlebot/rl_turtlebot.egg-info/PKG-INFO
[1.608s] writing dependency_links to ../../build/rl_turtlebot/rl_turtlebot.egg-info/dependency_links.txt
[1.608s] writing entry points to ../../build/rl_turtlebot/rl_turtlebot.egg-info/entry_points.txt
[1.609s] writing requirements to ../../build/rl_turtlebot/rl_turtlebot.egg-info/requires.txt
[1.609s] writing top-level names to ../../build/rl_turtlebot/rl_turtlebot.egg-info/top_level.txt
[1.613s] reading manifest file '../../build/rl_turtlebot/rl_turtlebot.egg-info/SOURCES.txt'
[1.615s] writing manifest file '../../build/rl_turtlebot/rl_turtlebot.egg-info/SOURCES.txt'
[1.615s] running build
[1.615s] running build_py
[1.616s] copying rl_turtlebot/dqn_train_node.py -> /home/ubuntu/ros2_ws/build/rl_turtlebot/build/lib/rl_turtlebot
[1.617s] running install
[1.618s] running install_lib
[1.619s] copying /home/ubuntu/ros2_ws/build/rl_turtlebot/build/lib/rl_turtlebot/dqn_train_node.py -> /home/ubuntu/ros2_ws/install/rl_turtlebot/lib/python3.10/site-packages/rl_turtlebot
[1.621s] byte-compiling /home/ubuntu/ros2_ws/install/rl_turtlebot/lib/python3.10/site-packages/rl_turtlebot/dqn_train_node.py to dqn_train_node.cpython-310.pyc
[1.624s] running install_data
[1.624s] running install_egg_info
[1.628s] removing '/home/ubuntu/ros2_ws/install/rl_turtlebot/lib/python3.10/site-packages/rl_turtlebot-0.0.0-py3.10.egg-info' (and everything under it)
[1.628s] Copying ../../build/rl_turtlebot/rl_turtlebot.egg-info to /home/ubuntu/ros2_ws/install/rl_turtlebot/lib/python3.10/site-packages/rl_turtlebot-0.0.0-py3.10.egg-info
[1.630s] running install_scripts
[1.666s] Installing dqn_learning_node script to /home/ubuntu/ros2_ws/install/rl_turtlebot/lib/rl_turtlebot
[1.666s] Installing dqn_train script to /home/ubuntu/ros2_ws/install/rl_turtlebot/lib/rl_turtlebot
[1.666s] Installing learning_node script to /home/ubuntu/ros2_ws/install/rl_turtlebot/lib/rl_turtlebot
[1.667s] writing list of installed files to '/home/ubuntu/ros2_ws/build/rl_turtlebot/install.log'
[1.708s] Invoked command in '/home/ubuntu/ros2_ws/src/rl_turtlebot' returned '0': PYTHONPATH=/home/ubuntu/ros2_ws/build/rl_turtlebot/prefix_override:/usr/lib/python3/dist-packages/colcon_core/task/python/colcon_distutils_commands:/home/ubuntu/ros2_ws/install/rl_turtlebot/lib/python3.10/site-packages:${PYTHONPATH} /usr/bin/python3 -W ignore:setup.py install is deprecated -W ignore:easy_install command is deprecated setup.py egg_info --egg-base ../../build/rl_turtlebot build --build-base /home/ubuntu/ros2_ws/build/rl_turtlebot/build install --record /home/ubuntu/ros2_ws/build/rl_turtlebot/install.log --single-version-externally-managed install_data
