[1.347s] Invoking command in '/home/ubuntu/ros2_ws/src/rl_turtlebot': PYTHONPATH=/home/ubuntu/ros2_ws/build/rl_turtlebot/prefix_override:/usr/lib/python3/dist-packages/colcon_core/task/python/colcon_distutils_commands:/home/ubuntu/ros2_ws/install/rl_turtlebot/lib/python3.10/site-packages:${PYTHONPATH} /usr/bin/python3 -W ignore:setup.py install is deprecated -W ignore:easy_install command is deprecated setup.py egg_info --egg-base ../../build/rl_turtlebot build --build-base /home/ubuntu/ros2_ws/build/rl_turtlebot/build install --record /home/ubuntu/ros2_ws/build/rl_turtlebot/install.log --single-version-externally-managed install_data
[1.903s] running egg_info
[1.904s] writing ../../build/rl_turtlebot/rl_turtlebot.egg-info/PKG-INFO
[1.905s] writing dependency_links to ../../build/rl_turtlebot/rl_turtlebot.egg-info/dependency_links.txt
[1.905s] writing entry points to ../../build/rl_turtlebot/rl_turtlebot.egg-info/entry_points.txt
[1.905s] writing requirements to ../../build/rl_turtlebot/rl_turtlebot.egg-info/requires.txt
[1.905s] writing top-level names to ../../build/rl_turtlebot/rl_turtlebot.egg-info/top_level.txt
[1.910s] reading manifest file '../../build/rl_turtlebot/rl_turtlebot.egg-info/SOURCES.txt'
[1.912s] writing manifest file '../../build/rl_turtlebot/rl_turtlebot.egg-info/SOURCES.txt'
[1.912s] running build
[1.912s] running build_py
[1.913s] copying rl_turtlebot/dqn_dueling.py -> /home/ubuntu/ros2_ws/build/rl_turtlebot/build/lib/rl_turtlebot
[1.914s] running install
[1.915s] running install_lib
[1.916s] copying /home/ubuntu/ros2_ws/build/rl_turtlebot/build/lib/rl_turtlebot/dqn_dueling.py -> /home/ubuntu/ros2_ws/install/rl_turtlebot/lib/python3.10/site-packages/rl_turtlebot
[1.918s] byte-compiling /home/ubuntu/ros2_ws/install/rl_turtlebot/lib/python3.10/site-packages/rl_turtlebot/dqn_dueling.py to dqn_dueling.cpython-310.pyc
[1.928s] running install_data
[1.928s] running install_egg_info
[1.932s] removing '/home/ubuntu/ros2_ws/install/rl_turtlebot/lib/python3.10/site-packages/rl_turtlebot-0.0.0-py3.10.egg-info' (and everything under it)
[1.932s] Copying ../../build/rl_turtlebot/rl_turtlebot.egg-info to /home/ubuntu/ros2_ws/install/rl_turtlebot/lib/python3.10/site-packages/rl_turtlebot-0.0.0-py3.10.egg-info
[1.935s] running install_scripts
[1.977s] Installing dqn_dueling script to /home/ubuntu/ros2_ws/install/rl_turtlebot/lib/rl_turtlebot
[1.977s] Installing dqn_learning_node script to /home/ubuntu/ros2_ws/install/rl_turtlebot/lib/rl_turtlebot
[1.977s] Installing dqn_train script to /home/ubuntu/ros2_ws/install/rl_turtlebot/lib/rl_turtlebot
[1.977s] Installing learning_node script to /home/ubuntu/ros2_ws/install/rl_turtlebot/lib/rl_turtlebot
[1.978s] writing list of installed files to '/home/ubuntu/ros2_ws/build/rl_turtlebot/install.log'
[2.025s] Invoked command in '/home/ubuntu/ros2_ws/src/rl_turtlebot' returned '0': PYTHONPATH=/home/ubuntu/ros2_ws/build/rl_turtlebot/prefix_override:/usr/lib/python3/dist-packages/colcon_core/task/python/colcon_distutils_commands:/home/ubuntu/ros2_ws/install/rl_turtlebot/lib/python3.10/site-packages:${PYTHONPATH} /usr/bin/python3 -W ignore:setup.py install is deprecated -W ignore:easy_install command is deprecated setup.py egg_info --egg-base ../../build/rl_turtlebot build --build-base /home/ubuntu/ros2_ws/build/rl_turtlebot/build install --record /home/ubuntu/ros2_ws/build/rl_turtlebot/install.log --single-version-externally-managed install_data
