/home/ubuntu/ros2_ws/install/rl_turtlebot/lib/python3.10/site-packages/rl_turtlebot/dqn_dueling.py
/home/ubuntu/ros2_ws/install/rl_turtlebot/lib/python3.10/site-packages/rl_turtlebot/learning_node.py
/home/ubuntu/ros2_ws/install/rl_turtlebot/lib/python3.10/site-packages/rl_turtlebot/dqn_learning_node.py
/home/ubuntu/ros2_ws/install/rl_turtlebot/lib/python3.10/site-packages/rl_turtlebot/__init__.py
/home/ubuntu/ros2_ws/install/rl_turtlebot/lib/python3.10/site-packages/rl_turtlebot/Qlearning.py
/home/ubuntu/ros2_ws/install/rl_turtlebot/lib/python3.10/site-packages/rl_turtlebot/Lidar.py
/home/ubuntu/ros2_ws/install/rl_turtlebot/lib/python3.10/site-packages/rl_turtlebot/dqn_train_node.py
/home/ubuntu/ros2_ws/install/rl_turtlebot/lib/python3.10/site-packages/rl_turtlebot/Control.py
/home/ubuntu/ros2_ws/install/rl_turtlebot/lib/python3.10/site-packages/rl_turtlebot/DQN.py
/home/ubuntu/ros2_ws/install/rl_turtlebot/lib/python3.10/site-packages/rl_turtlebot/__pycache__/dqn_dueling.cpython-310.pyc
/home/ubuntu/ros2_ws/install/rl_turtlebot/lib/python3.10/site-packages/rl_turtlebot/__pycache__/learning_node.cpython-310.pyc
/home/ubuntu/ros2_ws/install/rl_turtlebot/lib/python3.10/site-packages/rl_turtlebot/__pycache__/dqn_learning_node.cpython-310.pyc
/home/ubuntu/ros2_ws/install/rl_turtlebot/lib/python3.10/site-packages/rl_turtlebot/__pycache__/__init__.cpython-310.pyc
/home/ubuntu/ros2_ws/install/rl_turtlebot/lib/python3.10/site-packages/rl_turtlebot/__pycache__/Qlearning.cpython-310.pyc
/home/ubuntu/ros2_ws/install/rl_turtlebot/lib/python3.10/site-packages/rl_turtlebot/__pycache__/Lidar.cpython-310.pyc
/home/ubuntu/ros2_ws/install/rl_turtlebot/lib/python3.10/site-packages/rl_turtlebot/__pycache__/dqn_train_node.cpython-310.pyc
/home/ubuntu/ros2_ws/install/rl_turtlebot/lib/python3.10/site-packages/rl_turtlebot/__pycache__/Control.cpython-310.pyc
/home/ubuntu/ros2_ws/install/rl_turtlebot/lib/python3.10/site-packages/rl_turtlebot/__pycache__/DQN.cpython-310.pyc
/home/ubuntu/ros2_ws/install/rl_turtlebot/share/ament_index/resource_index/packages/rl_turtlebot
/home/ubuntu/ros2_ws/install/rl_turtlebot/share/rl_turtlebot/package.xml
/home/ubuntu/ros2_ws/install/rl_turtlebot/lib/python3.10/site-packages/rl_turtlebot-0.0.0-py3.10.egg-info/zip-safe
/home/ubuntu/ros2_ws/install/rl_turtlebot/lib/python3.10/site-packages/rl_turtlebot-0.0.0-py3.10.egg-info/dependency_links.txt
/home/ubuntu/ros2_ws/install/rl_turtlebot/lib/python3.10/site-packages/rl_turtlebot-0.0.0-py3.10.egg-info/PKG-INFO
/home/ubuntu/ros2_ws/install/rl_turtlebot/lib/python3.10/site-packages/rl_turtlebot-0.0.0-py3.10.egg-info/entry_points.txt
/home/ubuntu/ros2_ws/install/rl_turtlebot/lib/python3.10/site-packages/rl_turtlebot-0.0.0-py3.10.egg-info/requires.txt
/home/ubuntu/ros2_ws/install/rl_turtlebot/lib/python3.10/site-packages/rl_turtlebot-0.0.0-py3.10.egg-info/SOURCES.txt
/home/ubuntu/ros2_ws/install/rl_turtlebot/lib/python3.10/site-packages/rl_turtlebot-0.0.0-py3.10.egg-info/top_level.txt
/home/ubuntu/ros2_ws/install/rl_turtlebot/lib/rl_turtlebot/dqn_dueling
/home/ubuntu/ros2_ws/install/rl_turtlebot/lib/rl_turtlebot/dqn_learning_node
/home/ubuntu/ros2_ws/install/rl_turtlebot/lib/rl_turtlebot/dqn_train
/home/ubuntu/ros2_ws/install/rl_turtlebot/lib/rl_turtlebot/learning_node
